{"contracts\\GimmerToken.sol":{"l":{"19":11,"20":7,"24":4,"25":3,"26":2,"36":1,"42":1,"48":1,"54":1,"61":1},"path":"D:/Dev/Gimmer/gmr-token/contracts/GimmerToken.sol","s":{"1":11,"2":4,"3":3,"4":1,"5":1,"6":1,"7":1,"8":1},"b":{"1":[7,4],"2":[3,1],"3":[2,1]},"f":{"1":11,"2":4,"3":1,"4":1,"5":1,"6":1,"7":1,"8":1},"fnMap":{"1":{"name":"onlyWhenTransferEnabled","line":18,"loc":{"start":{"line":18,"column":4},"end":{"line":18,"column":36}}},"2":{"name":"validDestination","line":23,"loc":{"start":{"line":23,"column":4},"end":{"line":23,"column":40}}},"3":{"name":"GimmerToken","line":29,"loc":{"start":{"line":29,"column":4},"end":{"line":29,"column":31}}},"4":{"name":"transferFrom","line":32,"loc":{"start":{"line":32,"column":4},"end":{"line":35,"column":24}}},"5":{"name":"approve","line":39,"loc":{"start":{"line":39,"column":4},"end":{"line":41,"column":24}}},"6":{"name":"increaseApproval","line":45,"loc":{"start":{"line":45,"column":4},"end":{"line":47,"column":24}}},"7":{"name":"decreaseApproval","line":51,"loc":{"start":{"line":51,"column":4},"end":{"line":53,"column":24}}},"8":{"name":"transfer","line":57,"loc":{"start":{"line":57,"column":4},"end":{"line":60,"column":24}}}},"statementMap":{"1":{"start":{"line":19,"column":8},"end":{"line":19,"column":31}},"2":{"start":{"line":24,"column":8},"end":{"line":24,"column":35}},"3":{"start":{"line":25,"column":8},"end":{"line":25,"column":36}},"4":{"start":{"line":36,"column":8},"end":{"line":36,"column":53}},"5":{"start":{"line":42,"column":8},"end":{"line":42,"column":46}},"6":{"start":{"line":48,"column":8},"end":{"line":48,"column":60}},"7":{"start":{"line":54,"column":8},"end":{"line":54,"column":65}},"8":{"start":{"line":61,"column":8},"end":{"line":61,"column":42}}},"branchMap":{"1":{"line":19,"type":"if","locations":[{"start":{"line":19,"column":8},"end":{"line":19,"column":8}},{"start":{"line":19,"column":8},"end":{"line":19,"column":8}}]},"2":{"line":24,"type":"if","locations":[{"start":{"line":24,"column":8},"end":{"line":24,"column":8}},{"start":{"line":24,"column":8},"end":{"line":24,"column":8}}]},"3":{"line":25,"type":"if","locations":[{"start":{"line":25,"column":8},"end":{"line":25,"column":8}},{"start":{"line":25,"column":8},"end":{"line":25,"column":8}}]}}},"contracts\\GimmerTokenSale.sol":{"l":{"67":10,"68":9,"101":5,"102":4,"103":3,"104":2,"106":1,"107":1,"108":1,"109":1,"111":1,"116":34,"124":33,"128":31,"130":21,"131":21,"134":21,"135":21,"138":21,"139":21,"140":11,"142":10,"146":19,"147":19,"148":19,"151":19,"152":19,"155":19,"156":19,"159":19,"167":7,"168":2,"170":1,"173":1,"174":1,"177":1,"181":1,"185":2,"186":1,"195":2,"196":1,"204":3,"206":2,"207":2,"208":2,"216":2,"218":1,"219":1,"220":1,"228":2,"229":1,"237":2,"245":43,"253":81,"261":4,"269":4,"277":46,"284":4,"293":21,"294":11,"300":10,"308":31,"310":31,"312":17,"313":12,"314":12,"315":12,"316":5,"319":12,"323":12,"325":2},"path":"D:/Dev/Gimmer/gmr-token/contracts/GimmerTokenSale.sol","s":{"1":10,"2":5,"3":4,"4":3,"5":2,"6":1,"7":1,"8":1,"9":1,"10":1,"11":34,"12":33,"13":31,"14":21,"15":21,"16":21,"17":21,"18":21,"19":21,"20":11,"21":10,"22":10,"23":19,"24":19,"25":19,"26":19,"27":19,"28":19,"29":7,"30":2,"31":1,"32":1,"33":2,"34":1,"35":2,"36":1,"37":3,"38":2,"39":2,"40":2,"41":2,"42":1,"43":1,"44":1,"45":2,"46":1,"47":2,"48":43,"49":81,"50":4,"51":4,"52":46,"53":4,"54":21,"55":11,"56":1,"57":10,"58":2,"59":8,"60":1,"61":7,"62":7,"63":10,"64":10,"65":2,"66":8,"67":1,"68":7,"69":7,"70":31,"71":31,"72":17,"73":12,"74":12,"75":12,"76":5,"77":12,"78":14,"79":12,"80":2},"b":{"1":[9,1],"2":[4,1],"3":[3,1],"4":[2,1],"5":[1,1],"6":[31,2],"7":[21,10],"8":[11,10],"9":[10,1],"10":[10,0],"11":[9,1],"12":[2,5],"13":[1,1],"14":[1,1],"15":[1,1],"16":[2,1],"17":[1,1],"18":[1,1],"19":[11,10],"20":[1,10],"21":[2,8],"22":[1,7],"23":[7,0],"24":[10,0],"25":[2,8],"26":[1,7],"27":[7,0],"28":[17,14],"29":[12,5],"30":[5,7],"31":[12,2]},"f":{"1":10,"2":5,"3":34,"4":33,"5":7,"6":2,"7":2,"8":3,"9":2,"10":2,"11":2,"12":43,"13":81,"14":4,"15":4,"16":46,"17":4,"18":21,"19":31},"fnMap":{"1":{"name":"onlyKycManager","line":66,"loc":{"start":{"line":66,"column":4},"end":{"line":66,"column":27}}},"2":{"name":"GimmerTokenSale","line":93,"loc":{"start":{"line":93,"column":4},"end":{"line":100,"column":5}}},"3":{"name":null,"line":115,"loc":{"start":{"line":115,"column":4},"end":{"line":115,"column":28}}},"4":{"name":"buyTokens","line":120,"loc":{"start":{"line":120,"column":4},"end":{"line":120,"column":51}}},"5":{"name":"finishContract","line":165,"loc":{"start":{"line":165,"column":4},"end":{"line":165,"column":44}}},"6":{"name":"setSaleWeiLimitWithoutKYC","line":184,"loc":{"start":{"line":184,"column":4},"end":{"line":184,"column":94}}},"7":{"name":"updateMaxTxGas","line":194,"loc":{"start":{"line":194,"column":4},"end":{"line":194,"column":69}}},"8":{"name":"approveUserKYC","line":203,"loc":{"start":{"line":203,"column":4},"end":{"line":203,"column":62}}},"9":{"name":"disapproveUserKYC","line":215,"loc":{"start":{"line":215,"column":4},"end":{"line":215,"column":65}}},"10":{"name":"setKYCManager","line":227,"loc":{"start":{"line":227,"column":4},"end":{"line":227,"column":71}}},"11":{"name":"isTokenSaleRunning","line":236,"loc":{"start":{"line":236,"column":4},"end":{"line":236,"column":62}}},"12":{"name":"isPreSaleRunning","line":244,"loc":{"start":{"line":244,"column":4},"end":{"line":244,"column":60}}},"13":{"name":"isCrowdSaleRunning","line":252,"loc":{"start":{"line":252,"column":4},"end":{"line":252,"column":62}}},"14":{"name":"hasEnded","line":260,"loc":{"start":{"line":260,"column":4},"end":{"line":260,"column":52}}},"15":{"name":"hasPreSaleEnded","line":268,"loc":{"start":{"line":268,"column":4},"end":{"line":268,"column":59}}},"16":{"name":"userHasKYC","line":276,"loc":{"start":{"line":276,"column":4},"end":{"line":276,"column":67}}},"17":{"name":"userWeiSpent","line":283,"loc":{"start":{"line":283,"column":4},"end":{"line":283,"column":72}}},"18":{"name":"getRate","line":292,"loc":{"start":{"line":292,"column":4},"end":{"line":292,"column":74}}},"19":{"name":"validPurchase","line":307,"loc":{"start":{"line":307,"column":4},"end":{"line":307,"column":59}}}},"statementMap":{"1":{"start":{"line":67,"column":8},"end":{"line":67,"column":46}},"2":{"start":{"line":101,"column":8},"end":{"line":101,"column":41}},"3":{"start":{"line":102,"column":8},"end":{"line":102,"column":47}},"4":{"start":{"line":103,"column":8},"end":{"line":103,"column":43}},"5":{"start":{"line":104,"column":8},"end":{"line":104,"column":29}},"6":{"start":{"line":106,"column":8},"end":{"line":106,"column":31}},"7":{"start":{"line":107,"column":8},"end":{"line":107,"column":43}},"8":{"start":{"line":108,"column":8},"end":{"line":108,"column":55}},"9":{"start":{"line":109,"column":8},"end":{"line":109,"column":27}},"10":{"start":{"line":111,"column":8},"end":{"line":111,"column":32}},"11":{"start":{"line":116,"column":8},"end":{"line":116,"column":18}},"12":{"start":{"line":124,"column":8},"end":{"line":124,"column":39}},"13":{"start":{"line":128,"column":8},"end":{"line":128,"column":31}},"14":{"start":{"line":130,"column":8},"end":{"line":130,"column":34}},"15":{"start":{"line":131,"column":8},"end":{"line":131,"column":40}},"16":{"start":{"line":134,"column":8},"end":{"line":134,"column":44}},"17":{"start":{"line":135,"column":8},"end":{"line":135,"column":50}},"18":{"start":{"line":138,"column":8},"end":{"line":138,"column":58}},"19":{"start":{"line":139,"column":8},"end":{"line":139,"column":7111}},"20":{"start":{"line":140,"column":12},"end":{"line":140,"column":57}},"21":{"start":{"line":141,"column":15},"end":{"line":141,"column":7216}},"22":{"start":{"line":142,"column":12},"end":{"line":142,"column":61}},"23":{"start":{"line":146,"column":8},"end":{"line":146,"column":52}},"24":{"start":{"line":147,"column":8},"end":{"line":147,"column":57}},"25":{"start":{"line":148,"column":8},"end":{"line":148,"column":30}},"26":{"start":{"line":151,"column":8},"end":{"line":151,"column":47}},"27":{"start":{"line":152,"column":8},"end":{"line":152,"column":35}},"28":{"start":{"line":156,"column":8},"end":{"line":156,"column":54}},"29":{"start":{"line":167,"column":8},"end":{"line":167,"column":35}},"30":{"start":{"line":168,"column":8},"end":{"line":168,"column":25}},"31":{"start":{"line":170,"column":8},"end":{"line":170,"column":22}},"32":{"start":{"line":173,"column":8},"end":{"line":173,"column":41}},"33":{"start":{"line":185,"column":8},"end":{"line":185,"column":46}},"34":{"start":{"line":186,"column":8},"end":{"line":186,"column":58}},"35":{"start":{"line":195,"column":8},"end":{"line":195,"column":32}},"36":{"start":{"line":196,"column":8},"end":{"line":196,"column":30}},"37":{"start":{"line":204,"column":8},"end":{"line":204,"column":35}},"38":{"start":{"line":206,"column":8},"end":{"line":206,"column":51}},"39":{"start":{"line":207,"column":8},"end":{"line":207,"column":24}},"40":{"start":{"line":208,"column":8},"end":{"line":208,"column":23}},"41":{"start":{"line":216,"column":8},"end":{"line":216,"column":35}},"42":{"start":{"line":218,"column":8},"end":{"line":218,"column":51}},"43":{"start":{"line":219,"column":8},"end":{"line":219,"column":25}},"44":{"start":{"line":220,"column":8},"end":{"line":220,"column":24}},"45":{"start":{"line":228,"column":8},"end":{"line":228,"column":50}},"46":{"start":{"line":229,"column":8},"end":{"line":229,"column":46}},"47":{"start":{"line":237,"column":8},"end":{"line":237,"column":59}},"48":{"start":{"line":245,"column":8},"end":{"line":245,"column":70}},"49":{"start":{"line":253,"column":8},"end":{"line":253,"column":60}},"50":{"start":{"line":261,"column":8},"end":{"line":261,"column":34}},"51":{"start":{"line":269,"column":8},"end":{"line":269,"column":38}},"52":{"start":{"line":277,"column":8},"end":{"line":277,"column":42}},"53":{"start":{"line":284,"column":8},"end":{"line":284,"column":44}},"54":{"start":{"line":293,"column":8},"end":{"line":293,"column":12397}},"55":{"start":{"line":294,"column":12},"end":{"line":294,"column":12510}},"56":{"start":{"line":294,"column":39},"end":{"line":294,"column":73}},"57":{"start":{"line":295,"column":17},"end":{"line":295,"column":12593}},"58":{"start":{"line":295,"column":44},"end":{"line":295,"column":78}},"59":{"start":{"line":296,"column":17},"end":{"line":296,"column":12676}},"60":{"start":{"line":296,"column":44},"end":{"line":296,"column":78}},"61":{"start":{"line":297,"column":17},"end":{"line":297,"column":80}},"62":{"start":{"line":297,"column":44},"end":{"line":297,"column":78}},"63":{"start":{"line":299,"column":13},"end":{"line":299,"column":12777}},"64":{"start":{"line":300,"column":12},"end":{"line":300,"column":12898}},"65":{"start":{"line":300,"column":51},"end":{"line":300,"column":85}},"66":{"start":{"line":301,"column":17},"end":{"line":301,"column":12993}},"67":{"start":{"line":301,"column":55},"end":{"line":301,"column":89}},"68":{"start":{"line":302,"column":17},"end":{"line":302,"column":90}},"69":{"start":{"line":302,"column":54},"end":{"line":302,"column":88}},"70":{"start":{"line":308,"column":8},"end":{"line":308,"column":47}},"71":{"start":{"line":310,"column":8},"end":{"line":310,"column":13302}},"72":{"start":{"line":312,"column":12},"end":{"line":312,"column":13443}},"73":{"start":{"line":313,"column":16},"end":{"line":313,"column":64}},"74":{"start":{"line":314,"column":16},"end":{"line":314,"column":68}},"75":{"start":{"line":315,"column":16},"end":{"line":315,"column":13622}},"76":{"start":{"line":316,"column":20},"end":{"line":316,"column":32}},"77":{"start":{"line":319,"column":12},"end":{"line":319,"column":41}},"78":{"start":{"line":321,"column":13},"end":{"line":321,"column":13800}},"79":{"start":{"line":323,"column":12},"end":{"line":323,"column":61}},"80":{"start":{"line":325,"column":12},"end":{"line":325,"column":24}}},"branchMap":{"1":{"line":67,"type":"if","locations":[{"start":{"line":67,"column":8},"end":{"line":67,"column":8}},{"start":{"line":67,"column":8},"end":{"line":67,"column":8}}]},"2":{"line":101,"type":"if","locations":[{"start":{"line":101,"column":8},"end":{"line":101,"column":8}},{"start":{"line":101,"column":8},"end":{"line":101,"column":8}}]},"3":{"line":102,"type":"if","locations":[{"start":{"line":102,"column":8},"end":{"line":102,"column":8}},{"start":{"line":102,"column":8},"end":{"line":102,"column":8}}]},"4":{"line":103,"type":"if","locations":[{"start":{"line":103,"column":8},"end":{"line":103,"column":8}},{"start":{"line":103,"column":8},"end":{"line":103,"column":8}}]},"5":{"line":104,"type":"if","locations":[{"start":{"line":104,"column":8},"end":{"line":104,"column":8}},{"start":{"line":104,"column":8},"end":{"line":104,"column":8}}]},"6":{"line":124,"type":"if","locations":[{"start":{"line":124,"column":8},"end":{"line":124,"column":8}},{"start":{"line":124,"column":8},"end":{"line":124,"column":8}}]},"7":{"line":128,"type":"if","locations":[{"start":{"line":128,"column":8},"end":{"line":128,"column":8}},{"start":{"line":128,"column":8},"end":{"line":128,"column":8}}]},"8":{"line":139,"type":"if","locations":[{"start":{"line":139,"column":8},"end":{"line":139,"column":8}},{"start":{"line":139,"column":8},"end":{"line":139,"column":8}}]},"9":{"line":140,"type":"if","locations":[{"start":{"line":140,"column":12},"end":{"line":140,"column":12}},{"start":{"line":140,"column":12},"end":{"line":140,"column":12}}]},"10":{"line":141,"type":"if","locations":[{"start":{"line":141,"column":15},"end":{"line":141,"column":15}},{"start":{"line":141,"column":15},"end":{"line":141,"column":15}}]},"11":{"line":142,"type":"if","locations":[{"start":{"line":142,"column":12},"end":{"line":142,"column":12}},{"start":{"line":142,"column":12},"end":{"line":142,"column":12}}]},"12":{"line":167,"type":"if","locations":[{"start":{"line":167,"column":8},"end":{"line":167,"column":8}},{"start":{"line":167,"column":8},"end":{"line":167,"column":8}}]},"13":{"line":168,"type":"if","locations":[{"start":{"line":168,"column":8},"end":{"line":168,"column":8}},{"start":{"line":168,"column":8},"end":{"line":168,"column":8}}]},"14":{"line":185,"type":"if","locations":[{"start":{"line":185,"column":8},"end":{"line":185,"column":8}},{"start":{"line":185,"column":8},"end":{"line":185,"column":8}}]},"15":{"line":195,"type":"if","locations":[{"start":{"line":195,"column":8},"end":{"line":195,"column":8}},{"start":{"line":195,"column":8},"end":{"line":195,"column":8}}]},"16":{"line":204,"type":"if","locations":[{"start":{"line":204,"column":8},"end":{"line":204,"column":8}},{"start":{"line":204,"column":8},"end":{"line":204,"column":8}}]},"17":{"line":216,"type":"if","locations":[{"start":{"line":216,"column":8},"end":{"line":216,"column":8}},{"start":{"line":216,"column":8},"end":{"line":216,"column":8}}]},"18":{"line":228,"type":"if","locations":[{"start":{"line":228,"column":8},"end":{"line":228,"column":8}},{"start":{"line":228,"column":8},"end":{"line":228,"column":8}}]},"19":{"line":293,"type":"if","locations":[{"start":{"line":293,"column":8},"end":{"line":293,"column":8}},{"start":{"line":293,"column":8},"end":{"line":293,"column":8}}]},"20":{"line":294,"type":"if","locations":[{"start":{"line":294,"column":12},"end":{"line":294,"column":12}},{"start":{"line":294,"column":12},"end":{"line":294,"column":12}}]},"21":{"line":295,"type":"if","locations":[{"start":{"line":295,"column":17},"end":{"line":295,"column":17}},{"start":{"line":295,"column":17},"end":{"line":295,"column":17}}]},"22":{"line":296,"type":"if","locations":[{"start":{"line":296,"column":17},"end":{"line":296,"column":17}},{"start":{"line":296,"column":17},"end":{"line":296,"column":17}}]},"23":{"line":297,"type":"if","locations":[{"start":{"line":297,"column":17},"end":{"line":297,"column":17}},{"start":{"line":297,"column":17},"end":{"line":297,"column":17}}]},"24":{"line":299,"type":"if","locations":[{"start":{"line":299,"column":13},"end":{"line":299,"column":13}},{"start":{"line":299,"column":13},"end":{"line":299,"column":13}}]},"25":{"line":300,"type":"if","locations":[{"start":{"line":300,"column":12},"end":{"line":300,"column":12}},{"start":{"line":300,"column":12},"end":{"line":300,"column":12}}]},"26":{"line":301,"type":"if","locations":[{"start":{"line":301,"column":17},"end":{"line":301,"column":17}},{"start":{"line":301,"column":17},"end":{"line":301,"column":17}}]},"27":{"line":302,"type":"if","locations":[{"start":{"line":302,"column":17},"end":{"line":302,"column":17}},{"start":{"line":302,"column":17},"end":{"line":302,"column":17}}]},"28":{"line":310,"type":"if","locations":[{"start":{"line":310,"column":8},"end":{"line":310,"column":8}},{"start":{"line":310,"column":8},"end":{"line":310,"column":8}}]},"29":{"line":312,"type":"if","locations":[{"start":{"line":312,"column":12},"end":{"line":312,"column":12}},{"start":{"line":312,"column":12},"end":{"line":312,"column":12}}]},"30":{"line":315,"type":"if","locations":[{"start":{"line":315,"column":16},"end":{"line":315,"column":16}},{"start":{"line":315,"column":16},"end":{"line":315,"column":16}}]},"31":{"line":321,"type":"if","locations":[{"start":{"line":321,"column":13},"end":{"line":321,"column":13}},{"start":{"line":321,"column":13},"end":{"line":321,"column":13}}]}}}}