{"contracts\\GimmerToken.sol":{"l":{"19":11,"20":7,"24":4,"25":3,"26":2,"36":1,"42":1,"48":1,"54":1,"61":1},"path":"D:/Dev/Gimmer/gmr-token/contracts/GimmerToken.sol","s":{"1":11,"2":4,"3":3,"4":1,"5":1,"6":1,"7":1,"8":1},"b":{"1":[7,4],"2":[3,1],"3":[2,1]},"f":{"1":11,"2":4,"3":1,"4":1,"5":1,"6":1,"7":1,"8":1},"fnMap":{"1":{"name":"onlyWhenTransferEnabled","line":18,"loc":{"start":{"line":18,"column":4},"end":{"line":18,"column":36}}},"2":{"name":"validDestination","line":23,"loc":{"start":{"line":23,"column":4},"end":{"line":23,"column":40}}},"3":{"name":"GimmerToken","line":29,"loc":{"start":{"line":29,"column":4},"end":{"line":29,"column":31}}},"4":{"name":"transferFrom","line":32,"loc":{"start":{"line":32,"column":4},"end":{"line":35,"column":24}}},"5":{"name":"approve","line":39,"loc":{"start":{"line":39,"column":4},"end":{"line":41,"column":24}}},"6":{"name":"increaseApproval","line":45,"loc":{"start":{"line":45,"column":4},"end":{"line":47,"column":24}}},"7":{"name":"decreaseApproval","line":51,"loc":{"start":{"line":51,"column":4},"end":{"line":53,"column":24}}},"8":{"name":"transfer","line":57,"loc":{"start":{"line":57,"column":4},"end":{"line":60,"column":24}}}},"statementMap":{"1":{"start":{"line":19,"column":8},"end":{"line":19,"column":31}},"2":{"start":{"line":24,"column":8},"end":{"line":24,"column":35}},"3":{"start":{"line":25,"column":8},"end":{"line":25,"column":36}},"4":{"start":{"line":36,"column":8},"end":{"line":36,"column":53}},"5":{"start":{"line":42,"column":8},"end":{"line":42,"column":46}},"6":{"start":{"line":48,"column":8},"end":{"line":48,"column":60}},"7":{"start":{"line":54,"column":8},"end":{"line":54,"column":65}},"8":{"start":{"line":61,"column":8},"end":{"line":61,"column":42}}},"branchMap":{"1":{"line":19,"type":"if","locations":[{"start":{"line":19,"column":8},"end":{"line":19,"column":8}},{"start":{"line":19,"column":8},"end":{"line":19,"column":8}}]},"2":{"line":24,"type":"if","locations":[{"start":{"line":24,"column":8},"end":{"line":24,"column":8}},{"start":{"line":24,"column":8},"end":{"line":24,"column":8}}]},"3":{"line":25,"type":"if","locations":[{"start":{"line":25,"column":8},"end":{"line":25,"column":8}},{"start":{"line":25,"column":8},"end":{"line":25,"column":8}}]}}},"contracts\\GimmerTokenSale.sol":{"l":{"66":10,"67":9,"100":5,"101":4,"102":3,"103":2,"105":1,"106":1,"107":1,"108":1,"110":1,"115":32,"123":33,"127":31,"129":21,"130":21,"133":21,"134":21,"137":21,"138":21,"139":11,"141":10,"145":19,"146":19,"147":19,"150":19,"151":19,"154":19,"155":19,"158":19,"166":7,"167":2,"169":1,"172":1,"173":1,"176":1,"180":1,"184":2,"185":1,"194":2,"195":1,"203":3,"205":2,"206":2,"207":2,"215":2,"217":1,"218":1,"219":1,"227":2,"228":1,"236":2,"244":43,"252":81,"260":4,"268":4,"276":46,"283":4,"292":21,"293":11,"299":10,"307":31,"309":31,"311":17,"312":12,"313":12,"314":12,"315":5,"318":12,"322":12,"324":2},"path":"D:/Dev/Gimmer/gmr-token/contracts/GimmerTokenSale.sol","s":{"1":10,"2":5,"3":4,"4":3,"5":2,"6":1,"7":1,"8":1,"9":1,"10":1,"11":32,"12":33,"13":31,"14":21,"15":21,"16":21,"17":21,"18":21,"19":21,"20":11,"21":10,"22":10,"23":19,"24":19,"25":19,"26":19,"27":19,"28":19,"29":7,"30":2,"31":1,"32":1,"33":2,"34":1,"35":2,"36":1,"37":3,"38":2,"39":2,"40":2,"41":2,"42":1,"43":1,"44":1,"45":2,"46":1,"47":2,"48":43,"49":81,"50":4,"51":4,"52":46,"53":4,"54":21,"55":11,"56":1,"57":10,"58":2,"59":8,"60":1,"61":7,"62":7,"63":10,"64":10,"65":2,"66":8,"67":1,"68":7,"69":7,"70":31,"71":31,"72":17,"73":12,"74":12,"75":12,"76":5,"77":12,"78":14,"79":12,"80":2},"b":{"1":[9,1],"2":[4,1],"3":[3,1],"4":[2,1],"5":[1,1],"6":[31,2],"7":[21,10],"8":[11,10],"9":[10,1],"10":[10,0],"11":[9,1],"12":[2,5],"13":[1,1],"14":[1,1],"15":[1,1],"16":[2,1],"17":[1,1],"18":[1,1],"19":[11,10],"20":[1,10],"21":[2,8],"22":[1,7],"23":[7,0],"24":[10,0],"25":[2,8],"26":[1,7],"27":[7,0],"28":[17,14],"29":[12,5],"30":[5,7],"31":[12,2]},"f":{"1":10,"2":5,"3":32,"4":33,"5":7,"6":2,"7":2,"8":3,"9":2,"10":2,"11":2,"12":43,"13":81,"14":4,"15":4,"16":46,"17":4,"18":21,"19":31},"fnMap":{"1":{"name":"onlyKycManager","line":65,"loc":{"start":{"line":65,"column":4},"end":{"line":65,"column":27}}},"2":{"name":"GimmerTokenSale","line":92,"loc":{"start":{"line":92,"column":4},"end":{"line":99,"column":5}}},"3":{"name":null,"line":114,"loc":{"start":{"line":114,"column":4},"end":{"line":114,"column":28}}},"4":{"name":"buyTokens","line":119,"loc":{"start":{"line":119,"column":4},"end":{"line":119,"column":37}}},"5":{"name":"finishContract","line":164,"loc":{"start":{"line":164,"column":4},"end":{"line":164,"column":44}}},"6":{"name":"setSaleWeiLimitWithoutKYC","line":183,"loc":{"start":{"line":183,"column":4},"end":{"line":183,"column":94}}},"7":{"name":"updateMaxTxGas","line":193,"loc":{"start":{"line":193,"column":4},"end":{"line":193,"column":69}}},"8":{"name":"approveUserKYC","line":202,"loc":{"start":{"line":202,"column":4},"end":{"line":202,"column":62}}},"9":{"name":"disapproveUserKYC","line":214,"loc":{"start":{"line":214,"column":4},"end":{"line":214,"column":65}}},"10":{"name":"setKYCManager","line":226,"loc":{"start":{"line":226,"column":4},"end":{"line":226,"column":71}}},"11":{"name":"isTokenSaleRunning","line":235,"loc":{"start":{"line":235,"column":4},"end":{"line":235,"column":62}}},"12":{"name":"isPreSaleRunning","line":243,"loc":{"start":{"line":243,"column":4},"end":{"line":243,"column":60}}},"13":{"name":"isCrowdSaleRunning","line":251,"loc":{"start":{"line":251,"column":4},"end":{"line":251,"column":62}}},"14":{"name":"hasEnded","line":259,"loc":{"start":{"line":259,"column":4},"end":{"line":259,"column":52}}},"15":{"name":"hasPreSaleEnded","line":267,"loc":{"start":{"line":267,"column":4},"end":{"line":267,"column":59}}},"16":{"name":"userHasKYC","line":275,"loc":{"start":{"line":275,"column":4},"end":{"line":275,"column":67}}},"17":{"name":"userWeiSpent","line":282,"loc":{"start":{"line":282,"column":4},"end":{"line":282,"column":72}}},"18":{"name":"getRate","line":291,"loc":{"start":{"line":291,"column":4},"end":{"line":291,"column":74}}},"19":{"name":"validPurchase","line":306,"loc":{"start":{"line":306,"column":4},"end":{"line":306,"column":59}}}},"statementMap":{"1":{"start":{"line":66,"column":8},"end":{"line":66,"column":46}},"2":{"start":{"line":100,"column":8},"end":{"line":100,"column":41}},"3":{"start":{"line":101,"column":8},"end":{"line":101,"column":47}},"4":{"start":{"line":102,"column":8},"end":{"line":102,"column":43}},"5":{"start":{"line":103,"column":8},"end":{"line":103,"column":29}},"6":{"start":{"line":105,"column":8},"end":{"line":105,"column":31}},"7":{"start":{"line":106,"column":8},"end":{"line":106,"column":43}},"8":{"start":{"line":107,"column":8},"end":{"line":107,"column":55}},"9":{"start":{"line":108,"column":8},"end":{"line":108,"column":27}},"10":{"start":{"line":110,"column":8},"end":{"line":110,"column":32}},"11":{"start":{"line":115,"column":8},"end":{"line":115,"column":18}},"12":{"start":{"line":123,"column":8},"end":{"line":123,"column":39}},"13":{"start":{"line":127,"column":8},"end":{"line":127,"column":31}},"14":{"start":{"line":129,"column":8},"end":{"line":129,"column":34}},"15":{"start":{"line":130,"column":8},"end":{"line":130,"column":40}},"16":{"start":{"line":133,"column":8},"end":{"line":133,"column":44}},"17":{"start":{"line":134,"column":8},"end":{"line":134,"column":50}},"18":{"start":{"line":137,"column":8},"end":{"line":137,"column":58}},"19":{"start":{"line":138,"column":8},"end":{"line":138,"column":7048}},"20":{"start":{"line":139,"column":12},"end":{"line":139,"column":57}},"21":{"start":{"line":140,"column":15},"end":{"line":140,"column":7153}},"22":{"start":{"line":141,"column":12},"end":{"line":141,"column":61}},"23":{"start":{"line":145,"column":8},"end":{"line":145,"column":52}},"24":{"start":{"line":146,"column":8},"end":{"line":146,"column":57}},"25":{"start":{"line":147,"column":8},"end":{"line":147,"column":30}},"26":{"start":{"line":150,"column":8},"end":{"line":150,"column":47}},"27":{"start":{"line":151,"column":8},"end":{"line":151,"column":35}},"28":{"start":{"line":155,"column":8},"end":{"line":155,"column":54}},"29":{"start":{"line":166,"column":8},"end":{"line":166,"column":35}},"30":{"start":{"line":167,"column":8},"end":{"line":167,"column":25}},"31":{"start":{"line":169,"column":8},"end":{"line":169,"column":22}},"32":{"start":{"line":172,"column":8},"end":{"line":172,"column":41}},"33":{"start":{"line":184,"column":8},"end":{"line":184,"column":46}},"34":{"start":{"line":185,"column":8},"end":{"line":185,"column":58}},"35":{"start":{"line":194,"column":8},"end":{"line":194,"column":32}},"36":{"start":{"line":195,"column":8},"end":{"line":195,"column":30}},"37":{"start":{"line":203,"column":8},"end":{"line":203,"column":35}},"38":{"start":{"line":205,"column":8},"end":{"line":205,"column":51}},"39":{"start":{"line":206,"column":8},"end":{"line":206,"column":24}},"40":{"start":{"line":207,"column":8},"end":{"line":207,"column":23}},"41":{"start":{"line":215,"column":8},"end":{"line":215,"column":35}},"42":{"start":{"line":217,"column":8},"end":{"line":217,"column":51}},"43":{"start":{"line":218,"column":8},"end":{"line":218,"column":25}},"44":{"start":{"line":219,"column":8},"end":{"line":219,"column":24}},"45":{"start":{"line":227,"column":8},"end":{"line":227,"column":50}},"46":{"start":{"line":228,"column":8},"end":{"line":228,"column":46}},"47":{"start":{"line":236,"column":8},"end":{"line":236,"column":59}},"48":{"start":{"line":244,"column":8},"end":{"line":244,"column":70}},"49":{"start":{"line":252,"column":8},"end":{"line":252,"column":60}},"50":{"start":{"line":260,"column":8},"end":{"line":260,"column":34}},"51":{"start":{"line":268,"column":8},"end":{"line":268,"column":38}},"52":{"start":{"line":276,"column":8},"end":{"line":276,"column":42}},"53":{"start":{"line":283,"column":8},"end":{"line":283,"column":44}},"54":{"start":{"line":292,"column":8},"end":{"line":292,"column":12334}},"55":{"start":{"line":293,"column":12},"end":{"line":293,"column":12447}},"56":{"start":{"line":293,"column":39},"end":{"line":293,"column":73}},"57":{"start":{"line":294,"column":17},"end":{"line":294,"column":12530}},"58":{"start":{"line":294,"column":44},"end":{"line":294,"column":78}},"59":{"start":{"line":295,"column":17},"end":{"line":295,"column":12613}},"60":{"start":{"line":295,"column":44},"end":{"line":295,"column":78}},"61":{"start":{"line":296,"column":17},"end":{"line":296,"column":80}},"62":{"start":{"line":296,"column":44},"end":{"line":296,"column":78}},"63":{"start":{"line":298,"column":13},"end":{"line":298,"column":12714}},"64":{"start":{"line":299,"column":12},"end":{"line":299,"column":12835}},"65":{"start":{"line":299,"column":51},"end":{"line":299,"column":85}},"66":{"start":{"line":300,"column":17},"end":{"line":300,"column":12930}},"67":{"start":{"line":300,"column":55},"end":{"line":300,"column":89}},"68":{"start":{"line":301,"column":17},"end":{"line":301,"column":90}},"69":{"start":{"line":301,"column":54},"end":{"line":301,"column":88}},"70":{"start":{"line":307,"column":8},"end":{"line":307,"column":47}},"71":{"start":{"line":309,"column":8},"end":{"line":309,"column":13239}},"72":{"start":{"line":311,"column":12},"end":{"line":311,"column":13380}},"73":{"start":{"line":312,"column":16},"end":{"line":312,"column":64}},"74":{"start":{"line":313,"column":16},"end":{"line":313,"column":68}},"75":{"start":{"line":314,"column":16},"end":{"line":314,"column":13559}},"76":{"start":{"line":315,"column":20},"end":{"line":315,"column":32}},"77":{"start":{"line":318,"column":12},"end":{"line":318,"column":41}},"78":{"start":{"line":320,"column":13},"end":{"line":320,"column":13737}},"79":{"start":{"line":322,"column":12},"end":{"line":322,"column":61}},"80":{"start":{"line":324,"column":12},"end":{"line":324,"column":24}}},"branchMap":{"1":{"line":66,"type":"if","locations":[{"start":{"line":66,"column":8},"end":{"line":66,"column":8}},{"start":{"line":66,"column":8},"end":{"line":66,"column":8}}]},"2":{"line":100,"type":"if","locations":[{"start":{"line":100,"column":8},"end":{"line":100,"column":8}},{"start":{"line":100,"column":8},"end":{"line":100,"column":8}}]},"3":{"line":101,"type":"if","locations":[{"start":{"line":101,"column":8},"end":{"line":101,"column":8}},{"start":{"line":101,"column":8},"end":{"line":101,"column":8}}]},"4":{"line":102,"type":"if","locations":[{"start":{"line":102,"column":8},"end":{"line":102,"column":8}},{"start":{"line":102,"column":8},"end":{"line":102,"column":8}}]},"5":{"line":103,"type":"if","locations":[{"start":{"line":103,"column":8},"end":{"line":103,"column":8}},{"start":{"line":103,"column":8},"end":{"line":103,"column":8}}]},"6":{"line":123,"type":"if","locations":[{"start":{"line":123,"column":8},"end":{"line":123,"column":8}},{"start":{"line":123,"column":8},"end":{"line":123,"column":8}}]},"7":{"line":127,"type":"if","locations":[{"start":{"line":127,"column":8},"end":{"line":127,"column":8}},{"start":{"line":127,"column":8},"end":{"line":127,"column":8}}]},"8":{"line":138,"type":"if","locations":[{"start":{"line":138,"column":8},"end":{"line":138,"column":8}},{"start":{"line":138,"column":8},"end":{"line":138,"column":8}}]},"9":{"line":139,"type":"if","locations":[{"start":{"line":139,"column":12},"end":{"line":139,"column":12}},{"start":{"line":139,"column":12},"end":{"line":139,"column":12}}]},"10":{"line":140,"type":"if","locations":[{"start":{"line":140,"column":15},"end":{"line":140,"column":15}},{"start":{"line":140,"column":15},"end":{"line":140,"column":15}}]},"11":{"line":141,"type":"if","locations":[{"start":{"line":141,"column":12},"end":{"line":141,"column":12}},{"start":{"line":141,"column":12},"end":{"line":141,"column":12}}]},"12":{"line":166,"type":"if","locations":[{"start":{"line":166,"column":8},"end":{"line":166,"column":8}},{"start":{"line":166,"column":8},"end":{"line":166,"column":8}}]},"13":{"line":167,"type":"if","locations":[{"start":{"line":167,"column":8},"end":{"line":167,"column":8}},{"start":{"line":167,"column":8},"end":{"line":167,"column":8}}]},"14":{"line":184,"type":"if","locations":[{"start":{"line":184,"column":8},"end":{"line":184,"column":8}},{"start":{"line":184,"column":8},"end":{"line":184,"column":8}}]},"15":{"line":194,"type":"if","locations":[{"start":{"line":194,"column":8},"end":{"line":194,"column":8}},{"start":{"line":194,"column":8},"end":{"line":194,"column":8}}]},"16":{"line":203,"type":"if","locations":[{"start":{"line":203,"column":8},"end":{"line":203,"column":8}},{"start":{"line":203,"column":8},"end":{"line":203,"column":8}}]},"17":{"line":215,"type":"if","locations":[{"start":{"line":215,"column":8},"end":{"line":215,"column":8}},{"start":{"line":215,"column":8},"end":{"line":215,"column":8}}]},"18":{"line":227,"type":"if","locations":[{"start":{"line":227,"column":8},"end":{"line":227,"column":8}},{"start":{"line":227,"column":8},"end":{"line":227,"column":8}}]},"19":{"line":292,"type":"if","locations":[{"start":{"line":292,"column":8},"end":{"line":292,"column":8}},{"start":{"line":292,"column":8},"end":{"line":292,"column":8}}]},"20":{"line":293,"type":"if","locations":[{"start":{"line":293,"column":12},"end":{"line":293,"column":12}},{"start":{"line":293,"column":12},"end":{"line":293,"column":12}}]},"21":{"line":294,"type":"if","locations":[{"start":{"line":294,"column":17},"end":{"line":294,"column":17}},{"start":{"line":294,"column":17},"end":{"line":294,"column":17}}]},"22":{"line":295,"type":"if","locations":[{"start":{"line":295,"column":17},"end":{"line":295,"column":17}},{"start":{"line":295,"column":17},"end":{"line":295,"column":17}}]},"23":{"line":296,"type":"if","locations":[{"start":{"line":296,"column":17},"end":{"line":296,"column":17}},{"start":{"line":296,"column":17},"end":{"line":296,"column":17}}]},"24":{"line":298,"type":"if","locations":[{"start":{"line":298,"column":13},"end":{"line":298,"column":13}},{"start":{"line":298,"column":13},"end":{"line":298,"column":13}}]},"25":{"line":299,"type":"if","locations":[{"start":{"line":299,"column":12},"end":{"line":299,"column":12}},{"start":{"line":299,"column":12},"end":{"line":299,"column":12}}]},"26":{"line":300,"type":"if","locations":[{"start":{"line":300,"column":17},"end":{"line":300,"column":17}},{"start":{"line":300,"column":17},"end":{"line":300,"column":17}}]},"27":{"line":301,"type":"if","locations":[{"start":{"line":301,"column":17},"end":{"line":301,"column":17}},{"start":{"line":301,"column":17},"end":{"line":301,"column":17}}]},"28":{"line":309,"type":"if","locations":[{"start":{"line":309,"column":8},"end":{"line":309,"column":8}},{"start":{"line":309,"column":8},"end":{"line":309,"column":8}}]},"29":{"line":311,"type":"if","locations":[{"start":{"line":311,"column":12},"end":{"line":311,"column":12}},{"start":{"line":311,"column":12},"end":{"line":311,"column":12}}]},"30":{"line":314,"type":"if","locations":[{"start":{"line":314,"column":16},"end":{"line":314,"column":16}},{"start":{"line":314,"column":16},"end":{"line":314,"column":16}}]},"31":{"line":320,"type":"if","locations":[{"start":{"line":320,"column":13},"end":{"line":320,"column":13}},{"start":{"line":320,"column":13},"end":{"line":320,"column":13}}]}}}}