TN:
SF:D:/Dev/Gimmer/gmr-token/contracts/GimmerToken.sol
FN:18,onlyWhenTransferEnabled
FN:23,validDestination
FN:29,GimmerToken
FN:32,transferFrom
FN:39,approve
FN:45,increaseApproval
FN:51,decreaseApproval
FN:57,transfer
FNF:8
FNH:8
FNDA:11,onlyWhenTransferEnabled
FNDA:4,validDestination
FNDA:1,GimmerToken
FNDA:1,transferFrom
FNDA:1,approve
FNDA:1,increaseApproval
FNDA:1,decreaseApproval
FNDA:1,transfer
DA:19,11
DA:20,7
DA:24,4
DA:25,3
DA:26,2
DA:36,1
DA:42,1
DA:48,1
DA:54,1
DA:61,1
LF:10
LH:10
BRDA:19,1,0,7
BRDA:19,1,1,4
BRDA:24,2,0,3
BRDA:24,2,1,1
BRDA:25,3,0,2
BRDA:25,3,1,1
BRF:6
BRH:6
end_of_record
TN:
SF:D:/Dev/Gimmer/gmr-token/contracts/GimmerTokenSale.sol
FN:66,onlyKycManager
FN:93,GimmerTokenSale
FN:115,
FN:120,buyTokens
FN:165,finishContract
FN:184,setSaleWeiLimitWithoutKYC
FN:194,updateMaxTxGas
FN:203,approveUserKYC
FN:215,disapproveUserKYC
FN:227,setKYCManager
FN:236,isTokenSaleRunning
FN:244,isPreSaleRunning
FN:252,isCrowdSaleRunning
FN:260,hasEnded
FN:268,hasPreSaleEnded
FN:276,userHasKYC
FN:283,userWeiSpent
FN:292,getRate
FN:307,validPurchase
FNF:19
FNH:19
FNDA:10,onlyKycManager
FNDA:5,GimmerTokenSale
FNDA:34,
FNDA:33,buyTokens
FNDA:7,finishContract
FNDA:2,setSaleWeiLimitWithoutKYC
FNDA:2,updateMaxTxGas
FNDA:3,approveUserKYC
FNDA:2,disapproveUserKYC
FNDA:2,setKYCManager
FNDA:2,isTokenSaleRunning
FNDA:43,isPreSaleRunning
FNDA:81,isCrowdSaleRunning
FNDA:4,hasEnded
FNDA:4,hasPreSaleEnded
FNDA:46,userHasKYC
FNDA:4,userWeiSpent
FNDA:21,getRate
FNDA:31,validPurchase
DA:67,10
DA:68,9
DA:101,5
DA:102,4
DA:103,3
DA:104,2
DA:106,1
DA:107,1
DA:108,1
DA:109,1
DA:111,1
DA:116,34
DA:124,33
DA:128,31
DA:130,21
DA:131,21
DA:134,21
DA:135,21
DA:138,21
DA:139,21
DA:140,11
DA:142,10
DA:146,19
DA:147,19
DA:148,19
DA:151,19
DA:152,19
DA:155,19
DA:156,19
DA:159,19
DA:167,7
DA:168,2
DA:170,1
DA:173,1
DA:174,1
DA:177,1
DA:181,1
DA:185,2
DA:186,1
DA:195,2
DA:196,1
DA:204,3
DA:206,2
DA:207,2
DA:208,2
DA:216,2
DA:218,1
DA:219,1
DA:220,1
DA:228,2
DA:229,1
DA:237,2
DA:245,43
DA:253,81
DA:261,4
DA:269,4
DA:277,46
DA:284,4
DA:293,21
DA:294,11
DA:300,10
DA:308,31
DA:310,31
DA:312,17
DA:313,12
DA:314,12
DA:315,12
DA:316,5
DA:319,12
DA:323,12
DA:325,2
LF:71
LH:71
BRDA:67,1,0,9
BRDA:67,1,1,1
BRDA:101,2,0,4
BRDA:101,2,1,1
BRDA:102,3,0,3
BRDA:102,3,1,1
BRDA:103,4,0,2
BRDA:103,4,1,1
BRDA:104,5,0,1
BRDA:104,5,1,1
BRDA:124,6,0,31
BRDA:124,6,1,2
BRDA:128,7,0,21
BRDA:128,7,1,10
BRDA:139,8,0,11
BRDA:139,8,1,10
BRDA:140,9,0,10
BRDA:140,9,1,1
BRDA:141,10,0,10
BRDA:141,10,1,0
BRDA:142,11,0,9
BRDA:142,11,1,1
BRDA:167,12,0,2
BRDA:167,12,1,5
BRDA:168,13,0,1
BRDA:168,13,1,1
BRDA:185,14,0,1
BRDA:185,14,1,1
BRDA:195,15,0,1
BRDA:195,15,1,1
BRDA:204,16,0,2
BRDA:204,16,1,1
BRDA:216,17,0,1
BRDA:216,17,1,1
BRDA:228,18,0,1
BRDA:228,18,1,1
BRDA:293,19,0,11
BRDA:293,19,1,10
BRDA:294,20,0,1
BRDA:294,20,1,10
BRDA:295,21,0,2
BRDA:295,21,1,8
BRDA:296,22,0,1
BRDA:296,22,1,7
BRDA:297,23,0,7
BRDA:297,23,1,0
BRDA:299,24,0,10
BRDA:299,24,1,0
BRDA:300,25,0,2
BRDA:300,25,1,8
BRDA:301,26,0,1
BRDA:301,26,1,7
BRDA:302,27,0,7
BRDA:302,27,1,0
BRDA:310,28,0,17
BRDA:310,28,1,14
BRDA:312,29,0,12
BRDA:312,29,1,5
BRDA:315,30,0,5
BRDA:315,30,1,7
BRDA:321,31,0,12
BRDA:321,31,1,2
BRF:62
BRH:58
end_of_record
