TN:
SF:D:/Dev/Gimmer/gmr-token/contracts/GimmerToken.sol
FN:18,onlyWhenTransferEnabled
FN:23,validDestination
FN:29,GimmerToken
FN:32,transferFrom
FN:39,approve
FN:45,increaseApproval
FN:51,decreaseApproval
FN:57,transfer
FNF:8
FNH:8
FNDA:11,onlyWhenTransferEnabled
FNDA:4,validDestination
FNDA:1,GimmerToken
FNDA:1,transferFrom
FNDA:1,approve
FNDA:1,increaseApproval
FNDA:1,decreaseApproval
FNDA:1,transfer
DA:19,11
DA:20,7
DA:24,4
DA:25,3
DA:26,2
DA:36,1
DA:42,1
DA:48,1
DA:54,1
DA:61,1
LF:10
LH:10
BRDA:19,1,0,7
BRDA:19,1,1,4
BRDA:24,2,0,3
BRDA:24,2,1,1
BRDA:25,3,0,2
BRDA:25,3,1,1
BRF:6
BRH:6
end_of_record
TN:
SF:D:/Dev/Gimmer/gmr-token/contracts/GimmerTokenSale.sol
FN:65,onlyKycManager
FN:92,GimmerTokenSale
FN:114,
FN:119,buyTokens
FN:164,finishContract
FN:183,setSaleWeiLimitWithoutKYC
FN:193,updateMaxTxGas
FN:202,approveUserKYC
FN:214,disapproveUserKYC
FN:226,setKYCManager
FN:235,isTokenSaleRunning
FN:243,isPreSaleRunning
FN:251,isCrowdSaleRunning
FN:259,hasEnded
FN:267,hasPreSaleEnded
FN:275,userHasKYC
FN:282,userWeiSpent
FN:291,getRate
FN:306,validPurchase
FNF:19
FNH:19
FNDA:10,onlyKycManager
FNDA:5,GimmerTokenSale
FNDA:32,
FNDA:33,buyTokens
FNDA:7,finishContract
FNDA:2,setSaleWeiLimitWithoutKYC
FNDA:2,updateMaxTxGas
FNDA:3,approveUserKYC
FNDA:2,disapproveUserKYC
FNDA:2,setKYCManager
FNDA:2,isTokenSaleRunning
FNDA:43,isPreSaleRunning
FNDA:81,isCrowdSaleRunning
FNDA:4,hasEnded
FNDA:4,hasPreSaleEnded
FNDA:46,userHasKYC
FNDA:4,userWeiSpent
FNDA:21,getRate
FNDA:31,validPurchase
DA:66,10
DA:67,9
DA:100,5
DA:101,4
DA:102,3
DA:103,2
DA:105,1
DA:106,1
DA:107,1
DA:108,1
DA:110,1
DA:115,32
DA:123,33
DA:127,31
DA:129,21
DA:130,21
DA:133,21
DA:134,21
DA:137,21
DA:138,21
DA:139,11
DA:141,10
DA:145,19
DA:146,19
DA:147,19
DA:150,19
DA:151,19
DA:154,19
DA:155,19
DA:158,19
DA:166,7
DA:167,2
DA:169,1
DA:172,1
DA:173,1
DA:176,1
DA:180,1
DA:184,2
DA:185,1
DA:194,2
DA:195,1
DA:203,3
DA:205,2
DA:206,2
DA:207,2
DA:215,2
DA:217,1
DA:218,1
DA:219,1
DA:227,2
DA:228,1
DA:236,2
DA:244,43
DA:252,81
DA:260,4
DA:268,4
DA:276,46
DA:283,4
DA:292,21
DA:293,11
DA:299,10
DA:307,31
DA:309,31
DA:311,17
DA:312,12
DA:313,12
DA:314,12
DA:315,5
DA:318,12
DA:322,12
DA:324,2
LF:71
LH:71
BRDA:66,1,0,9
BRDA:66,1,1,1
BRDA:100,2,0,4
BRDA:100,2,1,1
BRDA:101,3,0,3
BRDA:101,3,1,1
BRDA:102,4,0,2
BRDA:102,4,1,1
BRDA:103,5,0,1
BRDA:103,5,1,1
BRDA:123,6,0,31
BRDA:123,6,1,2
BRDA:127,7,0,21
BRDA:127,7,1,10
BRDA:138,8,0,11
BRDA:138,8,1,10
BRDA:139,9,0,10
BRDA:139,9,1,1
BRDA:140,10,0,10
BRDA:140,10,1,0
BRDA:141,11,0,9
BRDA:141,11,1,1
BRDA:166,12,0,2
BRDA:166,12,1,5
BRDA:167,13,0,1
BRDA:167,13,1,1
BRDA:184,14,0,1
BRDA:184,14,1,1
BRDA:194,15,0,1
BRDA:194,15,1,1
BRDA:203,16,0,2
BRDA:203,16,1,1
BRDA:215,17,0,1
BRDA:215,17,1,1
BRDA:227,18,0,1
BRDA:227,18,1,1
BRDA:292,19,0,11
BRDA:292,19,1,10
BRDA:293,20,0,1
BRDA:293,20,1,10
BRDA:294,21,0,2
BRDA:294,21,1,8
BRDA:295,22,0,1
BRDA:295,22,1,7
BRDA:296,23,0,7
BRDA:296,23,1,0
BRDA:298,24,0,10
BRDA:298,24,1,0
BRDA:299,25,0,2
BRDA:299,25,1,8
BRDA:300,26,0,1
BRDA:300,26,1,7
BRDA:301,27,0,7
BRDA:301,27,1,0
BRDA:309,28,0,17
BRDA:309,28,1,14
BRDA:311,29,0,12
BRDA:311,29,1,5
BRDA:314,30,0,5
BRDA:314,30,1,7
BRDA:320,31,0,12
BRDA:320,31,1,2
BRF:62
BRH:58
end_of_record
